CRITICAL - 2020-12-09 00:00:33 --> Undefined variable: val
#0 C:\xampp\htdocs\movie\doofreehd4k\app\Views\av\index.php(48): CodeIgniter\Debug\Exceptions->errorHandler(8, 'Undefined varia...', 'C:\\xampp\\htdocs...', 48, Array)
#1 C:\xampp\htdocs\movie\doofreehd4k\system\View\View.php(236): include('C:\\xampp\\htdocs...')
#2 C:\xampp\htdocs\movie\doofreehd4k\system\Common.php(1071): CodeIgniter\View\View->render('av/index.php', Array, true)
#3 C:\xampp\htdocs\movie\doofreehd4k\app\Controllers\Av.php(74): view('av/index.php')
#4 C:\xampp\htdocs\movie\doofreehd4k\system\CodeIgniter.php(910): App\Controllers\Av->index()
#5 C:\xampp\htdocs\movie\doofreehd4k\system\CodeIgniter.php(398): CodeIgniter\CodeIgniter->runController(Object(App\Controllers\Av))
#6 C:\xampp\htdocs\movie\doofreehd4k\system\CodeIgniter.php(306): CodeIgniter\CodeIgniter->handleRequest(NULL, Object(Config\Cache), false)
#7 C:\xampp\htdocs\movie\doofreehd4k\index.php(45): CodeIgniter\CodeIgniter->run()
#8 {main}
CRITICAL - 2020-12-09 00:04:22 --> Unknown column 'id' in 'where clause'
#0 C:\xampp\htdocs\movie\doofreehd4k\system\Database\MySQLi\Connection.php(330): mysqli->query(' SELECT mo_cate...')
#1 C:\xampp\htdocs\movie\doofreehd4k\system\Database\BaseConnection.php(738): CodeIgniter\Database\MySQLi\Connection->execute(' SELECT mo_cate...')
#2 C:\xampp\htdocs\movie\doofreehd4k\system\Database\BaseConnection.php(666): CodeIgniter\Database\BaseConnection->simpleQuery(' SELECT mo_cate...')
#3 C:\xampp\htdocs\movie\doofreehd4k\app\Models\Av_Model.php(2012): CodeIgniter\Database\BaseConnection->query(' SELECT mo_cate...')
#4 C:\xampp\htdocs\movie\doofreehd4k\app\Controllers\Av.php(92): App\Models\Av_Model->showcategory_pagevideo('id')
#5 C:\xampp\htdocs\movie\doofreehd4k\system\CodeIgniter.php(910): App\Controllers\Av->video('id', '278', 'MIMK-066-%E0%B8...')
#6 C:\xampp\htdocs\movie\doofreehd4k\system\CodeIgniter.php(398): CodeIgniter\CodeIgniter->runController(Object(App\Controllers\Av))
#7 C:\xampp\htdocs\movie\doofreehd4k\system\CodeIgniter.php(306): CodeIgniter\CodeIgniter->handleRequest(NULL, Object(Config\Cache), false)
#8 C:\xampp\htdocs\movie\doofreehd4k\index.php(45): CodeIgniter\CodeIgniter->run()
#9 {main}
CRITICAL - 2020-12-09 00:09:40 --> Unknown column 'id' in 'where clause'
#0 C:\xampp\htdocs\movie\doofreehd4k\system\Database\MySQLi\Connection.php(330): mysqli->query(' SELECT mo_cate...')
#1 C:\xampp\htdocs\movie\doofreehd4k\system\Database\BaseConnection.php(738): CodeIgniter\Database\MySQLi\Connection->execute(' SELECT mo_cate...')
#2 C:\xampp\htdocs\movie\doofreehd4k\system\Database\BaseConnection.php(666): CodeIgniter\Database\BaseConnection->simpleQuery(' SELECT mo_cate...')
#3 C:\xampp\htdocs\movie\doofreehd4k\app\Models\Av_Model.php(2012): CodeIgniter\Database\BaseConnection->query(' SELECT mo_cate...')
#4 C:\xampp\htdocs\movie\doofreehd4k\app\Controllers\Av.php(91): App\Models\Av_Model->showcategory_pagevideo('id')
#5 C:\xampp\htdocs\movie\doofreehd4k\system\CodeIgniter.php(910): App\Controllers\Av->video('id', '278', 'MIMK-066-%E0%B8...')
#6 C:\xampp\htdocs\movie\doofreehd4k\system\CodeIgniter.php(398): CodeIgniter\CodeIgniter->runController(Object(App\Controllers\Av))
#7 C:\xampp\htdocs\movie\doofreehd4k\system\CodeIgniter.php(306): CodeIgniter\CodeIgniter->handleRequest(NULL, Object(Config\Cache), false)
#8 C:\xampp\htdocs\movie\doofreehd4k\index.php(45): CodeIgniter\CodeIgniter->run()
#9 {main}
CRITICAL - 2020-12-09 00:10:09 --> Unknown column 'id' in 'where clause'
#0 C:\xampp\htdocs\movie\doofreehd4k\system\Database\MySQLi\Connection.php(330): mysqli->query(' SELECT mo_cate...')
#1 C:\xampp\htdocs\movie\doofreehd4k\system\Database\BaseConnection.php(738): CodeIgniter\Database\MySQLi\Connection->execute(' SELECT mo_cate...')
#2 C:\xampp\htdocs\movie\doofreehd4k\system\Database\BaseConnection.php(666): CodeIgniter\Database\BaseConnection->simpleQuery(' SELECT mo_cate...')
#3 C:\xampp\htdocs\movie\doofreehd4k\app\Models\Av_Model.php(2012): CodeIgniter\Database\BaseConnection->query(' SELECT mo_cate...')
#4 C:\xampp\htdocs\movie\doofreehd4k\app\Controllers\Av.php(91): App\Models\Av_Model->showcategory_pagevideo('id')
#5 C:\xampp\htdocs\movie\doofreehd4k\system\CodeIgniter.php(910): App\Controllers\Av->video('id', '278', 'MIMK-066-%E0%B8...')
#6 C:\xampp\htdocs\movie\doofreehd4k\system\CodeIgniter.php(398): CodeIgniter\CodeIgniter->runController(Object(App\Controllers\Av))
#7 C:\xampp\htdocs\movie\doofreehd4k\system\CodeIgniter.php(306): CodeIgniter\CodeIgniter->handleRequest(NULL, Object(Config\Cache), false)
#8 C:\xampp\htdocs\movie\doofreehd4k\index.php(45): CodeIgniter\CodeIgniter->run()
#9 {main}
CRITICAL - 2020-12-09 00:13:11 --> Unknown column 'id' in 'where clause'
#0 C:\xampp\htdocs\movie\doofreehd4k\system\Database\MySQLi\Connection.php(330): mysqli->query(' SELECT av_cate...')
#1 C:\xampp\htdocs\movie\doofreehd4k\system\Database\BaseConnection.php(738): CodeIgniter\Database\MySQLi\Connection->execute(' SELECT av_cate...')
#2 C:\xampp\htdocs\movie\doofreehd4k\system\Database\BaseConnection.php(666): CodeIgniter\Database\BaseConnection->simpleQuery(' SELECT av_cate...')
#3 C:\xampp\htdocs\movie\doofreehd4k\app\Models\Av_Model.php(2012): CodeIgniter\Database\BaseConnection->query(' SELECT av_cate...')
#4 C:\xampp\htdocs\movie\doofreehd4k\app\Controllers\Av.php(92): App\Models\Av_Model->showcategory_pagevideo('id')
#5 C:\xampp\htdocs\movie\doofreehd4k\system\CodeIgniter.php(910): App\Controllers\Av->video('id', '278', 'MIMK-066-%E0%B8...')
#6 C:\xampp\htdocs\movie\doofreehd4k\system\CodeIgniter.php(398): CodeIgniter\CodeIgniter->runController(Object(App\Controllers\Av))
#7 C:\xampp\htdocs\movie\doofreehd4k\system\CodeIgniter.php(306): CodeIgniter\CodeIgniter->handleRequest(NULL, Object(Config\Cache), false)
#8 C:\xampp\htdocs\movie\doofreehd4k\index.php(45): CodeIgniter\CodeIgniter->run()
#9 {main}
CRITICAL - 2020-12-09 00:14:17 --> Undefined index: setting_img
#0 C:\xampp\htdocs\movie\doofreehd4k\app\Views\av\templates\header.php(27): CodeIgniter\Debug\Exceptions->errorHandler(8, 'Undefined index...', 'C:\\xampp\\htdocs...', 27, Array)
#1 C:\xampp\htdocs\movie\doofreehd4k\system\View\View.php(236): include('C:\\xampp\\htdocs...')
#2 C:\xampp\htdocs\movie\doofreehd4k\system\Common.php(1071): CodeIgniter\View\View->render('av/templates/he...', Array, true)
#3 C:\xampp\htdocs\movie\doofreehd4k\app\Controllers\Av.php(166): view('av/templates/he...', Array)
#4 C:\xampp\htdocs\movie\doofreehd4k\system\CodeIgniter.php(910): App\Controllers\Av->video('id', '278', 'MIMK-066-%E0%B8...')
#5 C:\xampp\htdocs\movie\doofreehd4k\system\CodeIgniter.php(398): CodeIgniter\CodeIgniter->runController(Object(App\Controllers\Av))
#6 C:\xampp\htdocs\movie\doofreehd4k\system\CodeIgniter.php(306): CodeIgniter\CodeIgniter->handleRequest(NULL, Object(Config\Cache), false)
#7 C:\xampp\htdocs\movie\doofreehd4k\index.php(45): CodeIgniter\CodeIgniter->run()
#8 {main}
CRITICAL - 2020-12-09 00:14:47 --> Use of undefined constant php - assumed 'php' (this will throw an Error in a future version of PHP)
#0 C:\xampp\htdocs\movie\doofreehd4k\app\Views\av\video.php(91): CodeIgniter\Debug\Exceptions->errorHandler(2, 'Use of undefine...', 'C:\\xampp\\htdocs...', 91, Array)
#1 C:\xampp\htdocs\movie\doofreehd4k\system\View\View.php(236): include('C:\\xampp\\htdocs...')
#2 C:\xampp\htdocs\movie\doofreehd4k\system\Common.php(1071): CodeIgniter\View\View->render('av/video.php', Array, true)
#3 C:\xampp\htdocs\movie\doofreehd4k\app\Controllers\Av.php(168): view('av/video.php')
#4 C:\xampp\htdocs\movie\doofreehd4k\system\CodeIgniter.php(910): App\Controllers\Av->video('id', '278', 'MIMK-066-%E0%B8...')
#5 C:\xampp\htdocs\movie\doofreehd4k\system\CodeIgniter.php(398): CodeIgniter\CodeIgniter->runController(Object(App\Controllers\Av))
#6 C:\xampp\htdocs\movie\doofreehd4k\system\CodeIgniter.php(306): CodeIgniter\CodeIgniter->handleRequest(NULL, Object(Config\Cache), false)
#7 C:\xampp\htdocs\movie\doofreehd4k\index.php(45): CodeIgniter\CodeIgniter->run()
#8 {main}
CRITICAL - 2020-12-09 00:15:49 --> Use of undefined constant php - assumed 'php' (this will throw an Error in a future version of PHP)
#0 C:\xampp\htdocs\movie\doofreehd4k\app\Views\av\video.php(91): CodeIgniter\Debug\Exceptions->errorHandler(2, 'Use of undefine...', 'C:\\xampp\\htdocs...', 91, Array)
#1 C:\xampp\htdocs\movie\doofreehd4k\system\View\View.php(236): include('C:\\xampp\\htdocs...')
#2 C:\xampp\htdocs\movie\doofreehd4k\system\Common.php(1071): CodeIgniter\View\View->render('av/video.php', Array, true)
#3 C:\xampp\htdocs\movie\doofreehd4k\app\Controllers\Av.php(168): view('av/video.php')
#4 C:\xampp\htdocs\movie\doofreehd4k\system\CodeIgniter.php(910): App\Controllers\Av->video('id', '278', 'MIMK-066-%E0%B8...')
#5 C:\xampp\htdocs\movie\doofreehd4k\system\CodeIgniter.php(398): CodeIgniter\CodeIgniter->runController(Object(App\Controllers\Av))
#6 C:\xampp\htdocs\movie\doofreehd4k\system\CodeIgniter.php(306): CodeIgniter\CodeIgniter->handleRequest(NULL, Object(Config\Cache), false)
#7 C:\xampp\htdocs\movie\doofreehd4k\index.php(45): CodeIgniter\CodeIgniter->run()
#8 {main}
CRITICAL - 2020-12-09 00:15:52 --> Use of undefined constant php - assumed 'php' (this will throw an Error in a future version of PHP)
#0 C:\xampp\htdocs\movie\doofreehd4k\app\Views\av\video.php(91): CodeIgniter\Debug\Exceptions->errorHandler(2, 'Use of undefine...', 'C:\\xampp\\htdocs...', 91, Array)
#1 C:\xampp\htdocs\movie\doofreehd4k\system\View\View.php(236): include('C:\\xampp\\htdocs...')
#2 C:\xampp\htdocs\movie\doofreehd4k\system\Common.php(1071): CodeIgniter\View\View->render('av/video.php', Array, true)
#3 C:\xampp\htdocs\movie\doofreehd4k\app\Controllers\Av.php(168): view('av/video.php')
#4 C:\xampp\htdocs\movie\doofreehd4k\system\CodeIgniter.php(910): App\Controllers\Av->video('id', '278', 'MIMK-066-%E0%B8...')
#5 C:\xampp\htdocs\movie\doofreehd4k\system\CodeIgniter.php(398): CodeIgniter\CodeIgniter->runController(Object(App\Controllers\Av))
#6 C:\xampp\htdocs\movie\doofreehd4k\system\CodeIgniter.php(306): CodeIgniter\CodeIgniter->handleRequest(NULL, Object(Config\Cache), false)
#7 C:\xampp\htdocs\movie\doofreehd4k\index.php(45): CodeIgniter\CodeIgniter->run()
#8 {main}
CRITICAL - 2020-12-09 00:16:43 --> Use of undefined constant php - assumed 'php' (this will throw an Error in a future version of PHP)
#0 C:\xampp\htdocs\movie\doofreehd4k\app\Views\av\video.php(91): CodeIgniter\Debug\Exceptions->errorHandler(2, 'Use of undefine...', 'C:\\xampp\\htdocs...', 91, Array)
#1 C:\xampp\htdocs\movie\doofreehd4k\system\View\View.php(236): include('C:\\xampp\\htdocs...')
#2 C:\xampp\htdocs\movie\doofreehd4k\system\Common.php(1071): CodeIgniter\View\View->render('av/video.php', Array, true)
#3 C:\xampp\htdocs\movie\doofreehd4k\app\Controllers\Av.php(168): view('av/video.php')
#4 C:\xampp\htdocs\movie\doofreehd4k\system\CodeIgniter.php(910): App\Controllers\Av->video('624', 'JUX-293-%E0%B8%...')
#5 C:\xampp\htdocs\movie\doofreehd4k\system\CodeIgniter.php(398): CodeIgniter\CodeIgniter->runController(Object(App\Controllers\Av))
#6 C:\xampp\htdocs\movie\doofreehd4k\system\CodeIgniter.php(306): CodeIgniter\CodeIgniter->handleRequest(NULL, Object(Config\Cache), false)
#7 C:\xampp\htdocs\movie\doofreehd4k\index.php(45): CodeIgniter\CodeIgniter->run()
#8 {main}
CRITICAL - 2020-12-09 00:17:36 --> Invalid file: {0}
#0 C:\xampp\htdocs\movie\doofreehd4k\system\View\View.php(224): CodeIgniter\Exceptions\FrameworkException::forInvalidFile('player.php')
#1 C:\xampp\htdocs\movie\doofreehd4k\system\Common.php(1071): CodeIgniter\View\View->render('player', Array, true)
#2 C:\xampp\htdocs\movie\doofreehd4k\app\Controllers\Av.php(193): view('player', Array)
#3 C:\xampp\htdocs\movie\doofreehd4k\system\CodeIgniter.php(910): App\Controllers\Av->player('624')
#4 C:\xampp\htdocs\movie\doofreehd4k\system\CodeIgniter.php(398): CodeIgniter\CodeIgniter->runController(Object(App\Controllers\Av))
#5 C:\xampp\htdocs\movie\doofreehd4k\system\CodeIgniter.php(306): CodeIgniter\CodeIgniter->handleRequest(NULL, Object(Config\Cache), false)
#6 C:\xampp\htdocs\movie\doofreehd4k\index.php(45): CodeIgniter\CodeIgniter->run()
#7 {main}
CRITICAL - 2020-12-09 00:18:17 --> Invalid file: {0}
#0 C:\xampp\htdocs\movie\doofreehd4k\system\View\View.php(224): CodeIgniter\Exceptions\FrameworkException::forInvalidFile('player.php')
#1 C:\xampp\htdocs\movie\doofreehd4k\system\Common.php(1071): CodeIgniter\View\View->render('player', Array, true)
#2 C:\xampp\htdocs\movie\doofreehd4k\app\Controllers\Av.php(193): view('player', Array)
#3 C:\xampp\htdocs\movie\doofreehd4k\system\CodeIgniter.php(910): App\Controllers\Av->player('624')
#4 C:\xampp\htdocs\movie\doofreehd4k\system\CodeIgniter.php(398): CodeIgniter\CodeIgniter->runController(Object(App\Controllers\Av))
#5 C:\xampp\htdocs\movie\doofreehd4k\system\CodeIgniter.php(306): CodeIgniter\CodeIgniter->handleRequest(NULL, Object(Config\Cache), false)
#6 C:\xampp\htdocs\movie\doofreehd4k\index.php(45): CodeIgniter\CodeIgniter->run()
#7 {main}
CRITICAL - 2020-12-09 00:23:48 --> Undefined index: movie_ensub
#0 C:\xampp\htdocs\movie\doofreehd4k\app\Controllers\Av.php(187): CodeIgniter\Debug\Exceptions->errorHandler(8, 'Undefined index...', 'C:\\xampp\\htdocs...', 187, Array)
#1 C:\xampp\htdocs\movie\doofreehd4k\system\CodeIgniter.php(910): App\Controllers\Av->player('624', 'JUX-293-%E0%B8%...')
#2 C:\xampp\htdocs\movie\doofreehd4k\system\CodeIgniter.php(398): CodeIgniter\CodeIgniter->runController(Object(App\Controllers\Av))
#3 C:\xampp\htdocs\movie\doofreehd4k\system\CodeIgniter.php(306): CodeIgniter\CodeIgniter->handleRequest(NULL, Object(Config\Cache), false)
#4 C:\xampp\htdocs\movie\doofreehd4k\index.php(45): CodeIgniter\CodeIgniter->run()
#5 {main}
CRITICAL - 2020-12-09 00:52:42 --> Unknown column 'mo_movie.movie_id' in 'on clause'
#0 C:\xampp\htdocs\movie\doofreehd4k\system\Database\MySQLi\Connection.php(330): mysqli->query('SELECT av_movie...')
#1 C:\xampp\htdocs\movie\doofreehd4k\system\Database\BaseConnection.php(738): CodeIgniter\Database\MySQLi\Connection->execute('SELECT av_movie...')
#2 C:\xampp\htdocs\movie\doofreehd4k\system\Database\BaseConnection.php(666): CodeIgniter\Database\BaseConnection->simpleQuery('SELECT av_movie...')
#3 C:\xampp\htdocs\movie\doofreehd4k\app\Models\Av_Model.php(1992): CodeIgniter\Database\BaseConnection->query('SELECT av_movie...')
#4 C:\xampp\htdocs\movie\doofreehd4k\app\Controllers\Av.php(223): App\Models\Av_Model->get_id_video_bygenres('61', 2, 1)
#5 C:\xampp\htdocs\movie\doofreehd4k\system\CodeIgniter.php(910): App\Controllers\Av->video_genres('61', '%E0%B9%82%E0%B8...')
#6 C:\xampp\htdocs\movie\doofreehd4k\system\CodeIgniter.php(398): CodeIgniter\CodeIgniter->runController(Object(App\Controllers\Av))
#7 C:\xampp\htdocs\movie\doofreehd4k\system\CodeIgniter.php(306): CodeIgniter\CodeIgniter->handleRequest(NULL, Object(Config\Cache), false)
#8 C:\xampp\htdocs\movie\doofreehd4k\index.php(45): CodeIgniter\CodeIgniter->run()
#9 {main}
CRITICAL - 2020-12-09 00:53:01 --> Unknown column 'mo_movie.movie_id' in 'on clause'
#0 C:\xampp\htdocs\movie\doofreehd4k\system\Database\MySQLi\Connection.php(330): mysqli->query('SELECT av_movie...')
#1 C:\xampp\htdocs\movie\doofreehd4k\system\Database\BaseConnection.php(738): CodeIgniter\Database\MySQLi\Connection->execute('SELECT av_movie...')
#2 C:\xampp\htdocs\movie\doofreehd4k\system\Database\BaseConnection.php(666): CodeIgniter\Database\BaseConnection->simpleQuery('SELECT av_movie...')
#3 C:\xampp\htdocs\movie\doofreehd4k\app\Models\Av_Model.php(1992): CodeIgniter\Database\BaseConnection->query('SELECT av_movie...')
#4 C:\xampp\htdocs\movie\doofreehd4k\app\Controllers\Av.php(223): App\Models\Av_Model->get_id_video_bygenres('61', 2, 1)
#5 C:\xampp\htdocs\movie\doofreehd4k\system\CodeIgniter.php(910): App\Controllers\Av->video_genres('61', '%E0%B9%82%E0%B8...')
#6 C:\xampp\htdocs\movie\doofreehd4k\system\CodeIgniter.php(398): CodeIgniter\CodeIgniter->runController(Object(App\Controllers\Av))
#7 C:\xampp\htdocs\movie\doofreehd4k\system\CodeIgniter.php(306): CodeIgniter\CodeIgniter->handleRequest(NULL, Object(Config\Cache), false)
#8 C:\xampp\htdocs\movie\doofreehd4k\index.php(45): CodeIgniter\CodeIgniter->run()
#9 {main}
CRITICAL - 2020-12-09 00:53:29 --> Unknown column 'mo_moviecate.movie_id' in 'on clause'
#0 C:\xampp\htdocs\movie\doofreehd4k\system\Database\MySQLi\Connection.php(330): mysqli->query('SELECT av_movie...')
#1 C:\xampp\htdocs\movie\doofreehd4k\system\Database\BaseConnection.php(738): CodeIgniter\Database\MySQLi\Connection->execute('SELECT av_movie...')
#2 C:\xampp\htdocs\movie\doofreehd4k\system\Database\BaseConnection.php(666): CodeIgniter\Database\BaseConnection->simpleQuery('SELECT av_movie...')
#3 C:\xampp\htdocs\movie\doofreehd4k\app\Models\Av_Model.php(1992): CodeIgniter\Database\BaseConnection->query('SELECT av_movie...')
#4 C:\xampp\htdocs\movie\doofreehd4k\app\Controllers\Av.php(223): App\Models\Av_Model->get_id_video_bygenres('61', 2, 1)
#5 C:\xampp\htdocs\movie\doofreehd4k\system\CodeIgniter.php(910): App\Controllers\Av->video_genres('61', '%E0%B9%82%E0%B8...')
#6 C:\xampp\htdocs\movie\doofreehd4k\system\CodeIgniter.php(398): CodeIgniter\CodeIgniter->runController(Object(App\Controllers\Av))
#7 C:\xampp\htdocs\movie\doofreehd4k\system\CodeIgniter.php(306): CodeIgniter\CodeIgniter->handleRequest(NULL, Object(Config\Cache), false)
#8 C:\xampp\htdocs\movie\doofreehd4k\index.php(45): CodeIgniter\CodeIgniter->run()
#9 {main}
CRITICAL - 2020-12-09 00:54:18 --> Invalid file: {0}
#0 C:\xampp\htdocs\movie\doofreehd4k\system\View\View.php(224): CodeIgniter\Exceptions\FrameworkException::forInvalidFile('clip/templates/...')
#1 C:\xampp\htdocs\movie\doofreehd4k\system\Common.php(1071): CodeIgniter\View\View->render('clip/templates/...', Array, true)
#2 C:\xampp\htdocs\movie\doofreehd4k\app\Controllers\Av.php(364): view('clip/templates/...')
#3 C:\xampp\htdocs\movie\doofreehd4k\system\CodeIgniter.php(910): App\Controllers\Av->clip()
#4 C:\xampp\htdocs\movie\doofreehd4k\system\CodeIgniter.php(398): CodeIgniter\CodeIgniter->runController(Object(App\Controllers\Av))
#5 C:\xampp\htdocs\movie\doofreehd4k\system\CodeIgniter.php(306): CodeIgniter\CodeIgniter->handleRequest(NULL, Object(Config\Cache), false)
#6 C:\xampp\htdocs\movie\doofreehd4k\index.php(45): CodeIgniter\CodeIgniter->run()
#7 {main}
CRITICAL - 2020-12-09 01:09:43 --> You must set the database table to be used with your query.
#0 C:\xampp\htdocs\movie\doofreehd4k\system\Model.php(1190): CodeIgniter\Database\BaseConnection->table(NULL)
#1 C:\xampp\htdocs\movie\doofreehd4k\system\Model.php(1648): CodeIgniter\Model->builder()
#2 C:\xampp\htdocs\movie\doofreehd4k\app\Models\Av_Model.php(1261): CodeIgniter\Model->__get('live_stream')
#3 C:\xampp\htdocs\movie\doofreehd4k\app\Controllers\Av.php(274): App\Models\Av_Model->get_path_livesteram()
#4 C:\xampp\htdocs\movie\doofreehd4k\system\CodeIgniter.php(910): App\Controllers\Av->video_search('the')
#5 C:\xampp\htdocs\movie\doofreehd4k\system\CodeIgniter.php(398): CodeIgniter\CodeIgniter->runController(Object(App\Controllers\Av))
#6 C:\xampp\htdocs\movie\doofreehd4k\system\CodeIgniter.php(306): CodeIgniter\CodeIgniter->handleRequest(NULL, Object(Config\Cache), false)
#7 C:\xampp\htdocs\movie\doofreehd4k\index.php(45): CodeIgniter\CodeIgniter->run()
#8 {main}
CRITICAL - 2020-12-09 01:10:35 --> Undefined variable: listcontent
#0 C:\xampp\htdocs\movie\doofreehd4k\app\Controllers\Av.php(286): CodeIgniter\Debug\Exceptions->errorHandler(8, 'Undefined varia...', 'C:\\xampp\\htdocs...', 286, Array)
#1 C:\xampp\htdocs\movie\doofreehd4k\system\CodeIgniter.php(910): App\Controllers\Av->video_search('the')
#2 C:\xampp\htdocs\movie\doofreehd4k\system\CodeIgniter.php(398): CodeIgniter\CodeIgniter->runController(Object(App\Controllers\Av))
#3 C:\xampp\htdocs\movie\doofreehd4k\system\CodeIgniter.php(306): CodeIgniter\CodeIgniter->handleRequest(NULL, Object(Config\Cache), false)
#4 C:\xampp\htdocs\movie\doofreehd4k\index.php(45): CodeIgniter\CodeIgniter->run()
#5 {main}
CRITICAL - 2020-12-09 01:10:43 --> Invalid file: {0}
#0 C:\xampp\htdocs\movie\doofreehd4k\system\View\View.php(224): CodeIgniter\Exceptions\FrameworkException::forInvalidFile('av/search.php')
#1 C:\xampp\htdocs\movie\doofreehd4k\system\Common.php(1071): CodeIgniter\View\View->render('av/search', Array, true)
#2 C:\xampp\htdocs\movie\doofreehd4k\app\Controllers\Av.php(304): view('av/search', Array)
#3 C:\xampp\htdocs\movie\doofreehd4k\system\CodeIgniter.php(910): App\Controllers\Av->video_search('the')
#4 C:\xampp\htdocs\movie\doofreehd4k\system\CodeIgniter.php(398): CodeIgniter\CodeIgniter->runController(Object(App\Controllers\Av))
#5 C:\xampp\htdocs\movie\doofreehd4k\system\CodeIgniter.php(306): CodeIgniter\CodeIgniter->handleRequest(NULL, Object(Config\Cache), false)
#6 C:\xampp\htdocs\movie\doofreehd4k\index.php(45): CodeIgniter\CodeIgniter->run()
#7 {main}
CRITICAL - 2020-12-09 01:10:56 --> Undefined variable: branch
#0 C:\xampp\htdocs\movie\doofreehd4k\app\Views\av\templates\footer.php(81): CodeIgniter\Debug\Exceptions->errorHandler(8, 'Undefined varia...', 'C:\\xampp\\htdocs...', 81, Array)
#1 C:\xampp\htdocs\movie\doofreehd4k\system\View\View.php(236): include('C:\\xampp\\htdocs...')
#2 C:\xampp\htdocs\movie\doofreehd4k\system\Common.php(1071): CodeIgniter\View\View->render('av/templates/fo...', Array, true)
#3 C:\xampp\htdocs\movie\doofreehd4k\app\Controllers\Av.php(305): view('av/templates/fo...')
#4 C:\xampp\htdocs\movie\doofreehd4k\system\CodeIgniter.php(910): App\Controllers\Av->video_search('the')
#5 C:\xampp\htdocs\movie\doofreehd4k\system\CodeIgniter.php(398): CodeIgniter\CodeIgniter->runController(Object(App\Controllers\Av))
#6 C:\xampp\htdocs\movie\doofreehd4k\system\CodeIgniter.php(306): CodeIgniter\CodeIgniter->handleRequest(NULL, Object(Config\Cache), false)
#7 C:\xampp\htdocs\movie\doofreehd4k\index.php(45): CodeIgniter\CodeIgniter->run()
#8 {main}
CRITICAL - 2020-12-09 01:13:00 --> Invalid file: {0}
#0 C:\xampp\htdocs\movie\doofreehd4k\system\View\View.php(224): CodeIgniter\Exceptions\FrameworkException::forInvalidFile('clip/templates/...')
#1 C:\xampp\htdocs\movie\doofreehd4k\system\Common.php(1071): CodeIgniter\View\View->render('clip/templates/...', Array, true)
#2 C:\xampp\htdocs\movie\doofreehd4k\app\Controllers\Av.php(371): view('clip/templates/...')
#3 C:\xampp\htdocs\movie\doofreehd4k\system\CodeIgniter.php(910): App\Controllers\Av->clip()
#4 C:\xampp\htdocs\movie\doofreehd4k\system\CodeIgniter.php(398): CodeIgniter\CodeIgniter->runController(Object(App\Controllers\Av))
#5 C:\xampp\htdocs\movie\doofreehd4k\system\CodeIgniter.php(306): CodeIgniter\CodeIgniter->handleRequest(NULL, Object(Config\Cache), false)
#6 C:\xampp\htdocs\movie\doofreehd4k\index.php(45): CodeIgniter\CodeIgniter->run()
#7 {main}
CRITICAL - 2020-12-09 01:13:38 --> Invalid file: {0}
#0 C:\xampp\htdocs\movie\doofreehd4k\system\View\View.php(224): CodeIgniter\Exceptions\FrameworkException::forInvalidFile('clip/templates/...')
#1 C:\xampp\htdocs\movie\doofreehd4k\system\Common.php(1071): CodeIgniter\View\View->render('clip/templates/...', Array, true)
#2 C:\xampp\htdocs\movie\doofreehd4k\app\Controllers\Av.php(371): view('clip/templates/...')
#3 C:\xampp\htdocs\movie\doofreehd4k\system\CodeIgniter.php(910): App\Controllers\Av->clip()
#4 C:\xampp\htdocs\movie\doofreehd4k\system\CodeIgniter.php(398): CodeIgniter\CodeIgniter->runController(Object(App\Controllers\Av))
#5 C:\xampp\htdocs\movie\doofreehd4k\system\CodeIgniter.php(306): CodeIgniter\CodeIgniter->handleRequest(NULL, Object(Config\Cache), false)
#6 C:\xampp\htdocs\movie\doofreehd4k\index.php(45): CodeIgniter\CodeIgniter->run()
#7 {main}
CRITICAL - 2020-12-09 01:41:10 --> Invalid file: {0}
#0 C:\xampp\htdocs\movie\doofreehd4k\system\View\View.php(224): CodeIgniter\Exceptions\FrameworkException::forInvalidFile('clip/templates/...')
#1 C:\xampp\htdocs\movie\doofreehd4k\system\Common.php(1071): CodeIgniter\View\View->render('clip/templates/...', Array, true)
#2 C:\xampp\htdocs\movie\doofreehd4k\app\Controllers\Av.php(371): view('clip/templates/...')
#3 C:\xampp\htdocs\movie\doofreehd4k\system\CodeIgniter.php(910): App\Controllers\Av->clip()
#4 C:\xampp\htdocs\movie\doofreehd4k\system\CodeIgniter.php(398): CodeIgniter\CodeIgniter->runController(Object(App\Controllers\Av))
#5 C:\xampp\htdocs\movie\doofreehd4k\system\CodeIgniter.php(306): CodeIgniter\CodeIgniter->handleRequest(NULL, Object(Config\Cache), false)
#6 C:\xampp\htdocs\movie\doofreehd4k\index.php(45): CodeIgniter\CodeIgniter->run()
#7 {main}
CRITICAL - 2020-12-09 01:42:06 --> Invalid file: {0}
#0 C:\xampp\htdocs\movie\doofreehd4k\system\View\View.php(224): CodeIgniter\Exceptions\FrameworkException::forInvalidFile('clip/templates/...')
#1 C:\xampp\htdocs\movie\doofreehd4k\system\Common.php(1071): CodeIgniter\View\View->render('clip/templates/...', Array, true)
#2 C:\xampp\htdocs\movie\doofreehd4k\app\Controllers\Av.php(371): view('clip/templates/...')
#3 C:\xampp\htdocs\movie\doofreehd4k\system\CodeIgniter.php(910): App\Controllers\Av->clip()
#4 C:\xampp\htdocs\movie\doofreehd4k\system\CodeIgniter.php(398): CodeIgniter\CodeIgniter->runController(Object(App\Controllers\Av))
#5 C:\xampp\htdocs\movie\doofreehd4k\system\CodeIgniter.php(306): CodeIgniter\CodeIgniter->handleRequest(NULL, Object(Config\Cache), false)
#6 C:\xampp\htdocs\movie\doofreehd4k\index.php(45): CodeIgniter\CodeIgniter->run()
#7 {main}
CRITICAL - 2020-12-09 01:42:25 --> Invalid file: {0}
#0 C:\xampp\htdocs\movie\doofreehd4k\system\View\View.php(224): CodeIgniter\Exceptions\FrameworkException::forInvalidFile('clip/templates/...')
#1 C:\xampp\htdocs\movie\doofreehd4k\system\Common.php(1071): CodeIgniter\View\View->render('clip/templates/...', Array, true)
#2 C:\xampp\htdocs\movie\doofreehd4k\app\Controllers\Av.php(371): view('clip/templates/...')
#3 C:\xampp\htdocs\movie\doofreehd4k\system\CodeIgniter.php(910): App\Controllers\Av->clip()
#4 C:\xampp\htdocs\movie\doofreehd4k\system\CodeIgniter.php(398): CodeIgniter\CodeIgniter->runController(Object(App\Controllers\Av))
#5 C:\xampp\htdocs\movie\doofreehd4k\system\CodeIgniter.php(306): CodeIgniter\CodeIgniter->handleRequest(NULL, Object(Config\Cache), false)
#6 C:\xampp\htdocs\movie\doofreehd4k\index.php(45): CodeIgniter\CodeIgniter->run()
#7 {main}
CRITICAL - 2020-12-09 01:57:17 --> You must set the database table to be used with your query.
#0 C:\xampp\htdocs\movie\doofreehd4k\system\Model.php(1190): CodeIgniter\Database\BaseConnection->table(NULL)
#1 C:\xampp\htdocs\movie\doofreehd4k\system\Model.php(1648): CodeIgniter\Model->builder()
#2 C:\xampp\htdocs\movie\doofreehd4k\app\Models\Av_Model.php(1261): CodeIgniter\Model->__get('live_stream')
#3 C:\xampp\htdocs\movie\doofreehd4k\app\Controllers\Av.php(475): App\Models\Av_Model->get_path_livesteram()
#4 C:\xampp\htdocs\movie\doofreehd4k\system\CodeIgniter.php(910): App\Controllers\Av->video_genres_clip('1591', 'khmer')
#5 C:\xampp\htdocs\movie\doofreehd4k\system\CodeIgniter.php(398): CodeIgniter\CodeIgniter->runController(Object(App\Controllers\Av))
#6 C:\xampp\htdocs\movie\doofreehd4k\system\CodeIgniter.php(306): CodeIgniter\CodeIgniter->handleRequest(NULL, Object(Config\Cache), false)
#7 C:\xampp\htdocs\movie\doofreehd4k\index.php(45): CodeIgniter\CodeIgniter->run()
#8 {main}
CRITICAL - 2020-12-09 01:58:06 --> Unknown column 'av_moviecate.category_id' in 'where clause'
#0 C:\xampp\htdocs\movie\doofreehd4k\system\Database\MySQLi\Connection.php(330): mysqli->query(' SELECT av_movi...')
#1 C:\xampp\htdocs\movie\doofreehd4k\system\Database\BaseConnection.php(738): CodeIgniter\Database\MySQLi\Connection->execute(' SELECT av_movi...')
#2 C:\xampp\htdocs\movie\doofreehd4k\system\Database\BaseConnection.php(666): CodeIgniter\Database\BaseConnection->simpleQuery(' SELECT av_movi...')
#3 C:\xampp\htdocs\movie\doofreehd4k\app\Models\Av_Model.php(2675): CodeIgniter\Database\BaseConnection->query(' SELECT av_movi...')
#4 C:\xampp\htdocs\movie\doofreehd4k\app\Controllers\Av.php(473): App\Models\Av_Model->get_id_video_bygenres_clip('1591', 2, 1, 'khmer')
#5 C:\xampp\htdocs\movie\doofreehd4k\system\CodeIgniter.php(910): App\Controllers\Av->video_genres_clip('1591', 'khmer')
#6 C:\xampp\htdocs\movie\doofreehd4k\system\CodeIgniter.php(398): CodeIgniter\CodeIgniter->runController(Object(App\Controllers\Av))
#7 C:\xampp\htdocs\movie\doofreehd4k\system\CodeIgniter.php(306): CodeIgniter\CodeIgniter->handleRequest(NULL, Object(Config\Cache), false)
#8 C:\xampp\htdocs\movie\doofreehd4k\index.php(45): CodeIgniter\CodeIgniter->run()
#9 {main}
CRITICAL - 2020-12-09 01:58:38 --> You must set the database table to be used with your query.
#0 C:\xampp\htdocs\movie\doofreehd4k\system\Model.php(1190): CodeIgniter\Database\BaseConnection->table(NULL)
#1 C:\xampp\htdocs\movie\doofreehd4k\system\Model.php(1648): CodeIgniter\Model->builder()
#2 C:\xampp\htdocs\movie\doofreehd4k\app\Models\Av_Model.php(1261): CodeIgniter\Model->__get('live_stream')
#3 C:\xampp\htdocs\movie\doofreehd4k\app\Controllers\Av.php(475): App\Models\Av_Model->get_path_livesteram()
#4 C:\xampp\htdocs\movie\doofreehd4k\system\CodeIgniter.php(910): App\Controllers\Av->video_genres_clip('1591', 'khmer')
#5 C:\xampp\htdocs\movie\doofreehd4k\system\CodeIgniter.php(398): CodeIgniter\CodeIgniter->runController(Object(App\Controllers\Av))
#6 C:\xampp\htdocs\movie\doofreehd4k\system\CodeIgniter.php(306): CodeIgniter\CodeIgniter->handleRequest(NULL, Object(Config\Cache), false)
#7 C:\xampp\htdocs\movie\doofreehd4k\index.php(45): CodeIgniter\CodeIgniter->run()
#8 {main}
CRITICAL - 2020-12-09 01:59:21 --> Invalid file: {0}
#0 C:\xampp\htdocs\movie\doofreehd4k\system\View\View.php(224): CodeIgniter\Exceptions\FrameworkException::forInvalidFile('clip/templates/...')
#1 C:\xampp\htdocs\movie\doofreehd4k\system\Common.php(1071): CodeIgniter\View\View->render('clip/templates/...', Array, true)
#2 C:\xampp\htdocs\movie\doofreehd4k\app\Controllers\Av.php(502): view('clip/templates/...')
#3 C:\xampp\htdocs\movie\doofreehd4k\system\CodeIgniter.php(910): App\Controllers\Av->video_genres_clip('1591', 'khmer')
#4 C:\xampp\htdocs\movie\doofreehd4k\system\CodeIgniter.php(398): CodeIgniter\CodeIgniter->runController(Object(App\Controllers\Av))
#5 C:\xampp\htdocs\movie\doofreehd4k\system\CodeIgniter.php(306): CodeIgniter\CodeIgniter->handleRequest(NULL, Object(Config\Cache), false)
#6 C:\xampp\htdocs\movie\doofreehd4k\index.php(45): CodeIgniter\CodeIgniter->run()
#7 {main}
CRITICAL - 2020-12-09 02:16:02 --> Unknown table 'aegistrex.mo_movie'
#0 C:\xampp\htdocs\movie\doofreehd4k\system\Database\MySQLi\Connection.php(330): mysqli->query('SELECT\r\n\r\n     ...')
#1 C:\xampp\htdocs\movie\doofreehd4k\system\Database\BaseConnection.php(738): CodeIgniter\Database\MySQLi\Connection->execute('SELECT\r\n\r\n     ...')
#2 C:\xampp\htdocs\movie\doofreehd4k\system\Database\BaseConnection.php(666): CodeIgniter\Database\BaseConnection->simpleQuery('SELECT\r\n\r\n     ...')
#3 C:\xampp\htdocs\movie\doofreehd4k\app\Models\Av_Model.php(2638): CodeIgniter\Database\BaseConnection->query('SELECT\r\n\r\n     ...')
#4 C:\xampp\htdocs\movie\doofreehd4k\app\Controllers\Av.php(379): App\Models\Av_Model->get_id_clip_random(2)
#5 C:\xampp\htdocs\movie\doofreehd4k\system\CodeIgniter.php(910): App\Controllers\Av->video_clip('1073743249', '%E0%B9%81%E0%B8...')
#6 C:\xampp\htdocs\movie\doofreehd4k\system\CodeIgniter.php(398): CodeIgniter\CodeIgniter->runController(Object(App\Controllers\Av))
#7 C:\xampp\htdocs\movie\doofreehd4k\system\CodeIgniter.php(306): CodeIgniter\CodeIgniter->handleRequest(NULL, Object(Config\Cache), false)
#8 C:\xampp\htdocs\movie\doofreehd4k\index.php(45): CodeIgniter\CodeIgniter->run()
#9 {main}
CRITICAL - 2020-12-09 02:18:58 --> Undefined variable: name_videos
#0 C:\xampp\htdocs\movie\doofreehd4k\app\Controllers\Av.php(451): CodeIgniter\Debug\Exceptions->errorHandler(8, 'Undefined varia...', 'C:\\xampp\\htdocs...', 451, Array)
#1 C:\xampp\htdocs\movie\doofreehd4k\system\CodeIgniter.php(910): App\Controllers\Av->video_clip('1073743249', '%E0%B9%81%E0%B8...')
#2 C:\xampp\htdocs\movie\doofreehd4k\system\CodeIgniter.php(398): CodeIgniter\CodeIgniter->runController(Object(App\Controllers\Av))
#3 C:\xampp\htdocs\movie\doofreehd4k\system\CodeIgniter.php(306): CodeIgniter\CodeIgniter->handleRequest(NULL, Object(Config\Cache), false)
#4 C:\xampp\htdocs\movie\doofreehd4k\index.php(45): CodeIgniter\CodeIgniter->run()
#5 {main}
